# JRE version: OpenJDK Runtime Environment (17.0.11) (build 17.0.11+0--11852314)
# Java VM: OpenJDK 64-Bit Server VM (17.0.11+0--11852314, mixed mode, tiered, compressed oops, compressed class ptrs, g1 gc, windows-amd64)
GC Precious Log:
 CPUs: 12 total, 12 available
 Memory: 16191M
 Large Page Support: Disabled
 NUMA Support: Disabled
 Compressed Oops: Enabled (Zero based)
 Heap Region Size: 2M
 Heap Min Capacity: 8M
 Heap Initial Capacity: 254M
 Heap Max Capacity: 4048M
 Pre-touch: Disabled
 Parallel Workers: 10
 Concurrent Workers: 3
 Concurrent Refinement Workers: 10
 Periodic GC: Disabled
Heap:
 garbage-first heap   total 282624K, used 142961K [0x0000000703000000, 0x0000000800000000)
  region size 2048K, 6 young (12288K), 3 survivors (6144K)
 Metaspace       used 92064K, committed 92480K, reserved 1179648K
  class space    used 9886K, committed 10112K, reserved 1048576K
GC Heap History (20 events):
Event: 14.143 GC heap before
{Heap before GC invocations=23 (full 0):
 garbage-first heap   total 221184K, used 167164K [0x0000000703000000, 0x0000000800000000)
  region size 2048K, 51 young (104448K), 7 survivors (14336K)
 Metaspace       used 63847K, committed 64192K, reserved 1114112K
  class space    used 7366K, committed 7552K, reserved 1048576K
}
Event: 14.159 GC heap after
{Heap after GC invocations=24 (full 0):
 garbage-first heap   total 221184K, used 86519K [0x0000000703000000, 0x0000000800000000)
  region size 2048K, 5 young (10240K), 5 survivors (10240K)
 Metaspace       used 63847K, committed 64192K, reserved 1114112K
  class space    used 7366K, committed 7552K, reserved 1048576K
}
Event: 17.166 GC heap before
{Heap before GC invocations=24 (full 0):
 garbage-first heap   total 221184K, used 170487K [0x0000000703000000, 0x0000000800000000)
  region size 2048K, 46 young (94208K), 5 survivors (10240K)
 Metaspace       used 65260K, committed 65536K, reserved 1114112K
  class space    used 7445K, committed 7616K, reserved 1048576K
}
Event: 17.195 GC heap after
{Heap after GC invocations=25 (full 0):
 garbage-first heap   total 221184K, used 98044K [0x0000000703000000, 0x0000000800000000)
  region size 2048K, 6 young (12288K), 6 survivors (12288K)
 Metaspace       used 65260K, committed 65536K, reserved 1114112K
  class space    used 7445K, committed 7616K, reserved 1048576K
}
Event: 21.547 GC heap before
{Heap before GC invocations=25 (full 0):
 garbage-first heap   total 221184K, used 173820K [0x0000000703000000, 0x0000000800000000)
  region size 2048K, 43 young (88064K), 6 survivors (12288K)
 Metaspace       used 65875K, committed 66240K, reserved 1114112K
  class space    used 7457K, committed 7616K, reserved 1048576K
}
Event: 21.577 GC heap after
{Heap after GC invocations=26 (full 0):
 garbage-first heap   total 221184K, used 104212K [0x0000000703000000, 0x0000000800000000)
  region size 2048K, 4 young (8192K), 4 survivors (8192K)
 Metaspace       used 65875K, committed 66240K, reserved 1114112K
  class space    used 7457K, committed 7616K, reserved 1048576K
}
Event: 24.631 GC heap before
{Heap before GC invocations=26 (full 0):
 garbage-first heap   total 221184K, used 175892K [0x0000000703000000, 0x0000000800000000)
  region size 2048K, 39 young (79872K), 4 survivors (8192K)
 Metaspace       used 67392K, committed 67712K, reserved 1114112K
  class space    used 7588K, committed 7744K, reserved 1048576K
}
Event: 24.648 GC heap after
{Heap after GC invocations=27 (full 0):
 garbage-first heap   total 221184K, used 109700K [0x0000000703000000, 0x0000000800000000)
  region size 2048K, 3 young (6144K), 3 survivors (6144K)
 Metaspace       used 67392K, committed 67712K, reserved 1114112K
  class space    used 7588K, committed 7744K, reserved 1048576K
}
Event: 27.144 GC heap before
{Heap before GC invocations=27 (full 0):
 garbage-first heap   total 221184K, used 179332K [0x0000000703000000, 0x0000000800000000)
  region size 2048K, 37 young (75776K), 3 survivors (6144K)
 Metaspace       used 74233K, committed 74560K, reserved 1179648K
  class space    used 8236K, committed 8384K, reserved 1048576K
}
Event: 27.166 GC heap after
{Heap after GC invocations=28 (full 0):
 garbage-first heap   total 221184K, used 115507K [0x0000000703000000, 0x0000000800000000)
  region size 2048K, 3 young (6144K), 3 survivors (6144K)
 Metaspace       used 74233K, committed 74560K, reserved 1179648K
  class space    used 8236K, committed 8384K, reserved 1048576K
}
Event: 29.084 GC heap before
{Heap before GC invocations=29 (full 0):
 garbage-first heap   total 221184K, used 181043K [0x0000000703000000, 0x0000000800000000)
  region size 2048K, 35 young (71680K), 3 survivors (6144K)
 Metaspace       used 77208K, committed 77504K, reserved 1179648K
  class space    used 8543K, committed 8704K, reserved 1048576K
}
Event: 29.110 GC heap after
{Heap after GC invocations=30 (full 0):
 garbage-first heap   total 221184K, used 126020K [0x0000000703000000, 0x0000000800000000)
  region size 2048K, 5 young (10240K), 5 survivors (10240K)
 Metaspace       used 77208K, committed 77504K, reserved 1179648K
  class space    used 8543K, committed 8704K, reserved 1048576K
}
Event: 30.394 GC heap before
{Heap before GC invocations=30 (full 0):
 garbage-first heap   total 221184K, used 179268K [0x0000000703000000, 0x0000000800000000)
  region size 2048K, 31 young (63488K), 5 survivors (10240K)
 Metaspace       used 79233K, committed 79616K, reserved 1179648K
  class space    used 8762K, committed 8960K, reserved 1048576K
}
Event: 30.423 GC heap after
{Heap after GC invocations=31 (full 0):
 garbage-first heap   total 221184K, used 135381K [0x0000000703000000, 0x0000000800000000)
  region size 2048K, 4 young (8192K), 4 survivors (8192K)
 Metaspace       used 79233K, committed 79616K, reserved 1179648K
  class space    used 8762K, committed 8960K, reserved 1048576K
}
Event: 31.786 GC heap before
{Heap before GC invocations=32 (full 0):
 garbage-first heap   total 235520K, used 176341K [0x0000000703000000, 0x0000000800000000)
  region size 2048K, 25 young (51200K), 4 survivors (8192K)
 Metaspace       used 85272K, committed 85632K, reserved 1179648K
  class space    used 9347K, committed 9536K, reserved 1048576K
}
Event: 31.812 GC heap after
{Heap after GC invocations=33 (full 0):
 garbage-first heap   total 235520K, used 136699K [0x0000000703000000, 0x0000000800000000)
  region size 2048K, 2 young (4096K), 2 survivors (4096K)
 Metaspace       used 85272K, committed 85632K, reserved 1179648K
  class space    used 9347K, committed 9536K, reserved 1048576K
}
Event: 31.999 GC heap before
{Heap before GC invocations=33 (full 0):
 garbage-first heap   total 235520K, used 142843K [0x0000000703000000, 0x0000000800000000)
  region size 2048K, 5 young (10240K), 2 survivors (4096K)
 Metaspace       used 86218K, committed 86592K, reserved 1179648K
  class space    used 9447K, committed 9664K, reserved 1048576K
}
Event: 32.022 GC heap after
{Heap after GC invocations=34 (full 0):
 garbage-first heap   total 282624K, used 135461K [0x0000000703000000, 0x0000000800000000)
  region size 2048K, 1 young (2048K), 1 survivors (2048K)
 Metaspace       used 86218K, committed 86592K, reserved 1179648K
  class space    used 9447K, committed 9664K, reserved 1048576K
}
Event: 35.103 GC heap before
{Heap before GC invocations=34 (full 0):
 garbage-first heap   total 282624K, used 217381K [0x0000000703000000, 0x0000000800000000)
  region size 2048K, 41 young (83968K), 1 survivors (2048K)
 Metaspace       used 91924K, committed 92288K, reserved 1179648K
  class space    used 9879K, committed 10048K, reserved 1048576K
}
Event: 35.112 GC heap after
{Heap after GC invocations=35 (full 0):
 garbage-first heap   total 282624K, used 138865K [0x0000000703000000, 0x0000000800000000)
  region size 2048K, 3 young (6144K), 3 survivors (6144K)
 Metaspace       used 91924K, committed 92288K, reserved 1179648K
  class space    used 9879K, committed 10048K, reserved 1048576K
}

