# JRE version: OpenJDK Runtime Environment (17.0.11) (build 17.0.11+0--11852314)
# Java VM: OpenJDK 64-Bit Server VM (17.0.11+0--11852314, mixed mode, tiered, compressed oops, compressed class ptrs, g1 gc, windows-amd64)
GC Precious Log:
 CPUs: 12 total, 12 available
 Memory: 16191M
 Large Page Support: Disabled
 NUMA Support: Disabled
 Compressed Oops: Enabled (32-bit)
 Heap Region Size: 1M
 Heap Min Capacity: 8M
 Heap Initial Capacity: 254M
 Heap Max Capacity: 2G
 Pre-touch: Disabled
 Parallel Workers: 10
 Concurrent Workers: 3
 Concurrent Refinement Workers: 10
 Periodic GC: Disabled
Heap:
 garbage-first heap   total 339968K, used 87675K [0x0000000080000000, 0x0000000100000000)
  region size 1024K, 13 young (13312K), 10 survivors (10240K)
 Metaspace       used 60935K, committed 61504K, reserved 1114112K
  class space    used 8111K, committed 8384K, reserved 1048576K
GC Heap History (20 events):
Event: 18.726 GC heap before
{Heap before GC invocations=47 (full 0):
 garbage-first heap   total 235520K, used 199730K [0x0000000080000000, 0x0000000100000000)
  region size 1024K, 130 young (133120K), 11 survivors (11264K)
 Metaspace       used 57424K, committed 57920K, reserved 1114112K
  class space    used 7763K, committed 8000K, reserved 1048576K
}
Event: 18.735 GC heap after
{Heap after GC invocations=48 (full 0):
 garbage-first heap   total 282624K, used 79016K [0x0000000080000000, 0x0000000100000000)
  region size 1024K, 10 young (10240K), 10 survivors (10240K)
 Metaspace       used 57424K, committed 57920K, reserved 1114112K
  class space    used 7763K, committed 8000K, reserved 1048576K
}
Event: 19.111 GC heap before
{Heap before GC invocations=48 (full 0):
 garbage-first heap   total 282624K, used 237736K [0x0000000080000000, 0x0000000100000000)
  region size 1024K, 165 young (168960K), 10 survivors (10240K)
 Metaspace       used 57424K, committed 57920K, reserved 1114112K
  class space    used 7763K, committed 8000K, reserved 1048576K
}
Event: 19.120 GC heap after
{Heap after GC invocations=49 (full 0):
 garbage-first heap   total 282624K, used 80189K [0x0000000080000000, 0x0000000100000000)
  region size 1024K, 11 young (11264K), 11 survivors (11264K)
 Metaspace       used 57424K, committed 57920K, reserved 1114112K
  class space    used 7763K, committed 8000K, reserved 1048576K
}
Event: 19.487 GC heap before
{Heap before GC invocations=49 (full 0):
 garbage-first heap   total 282624K, used 237885K [0x0000000080000000, 0x0000000100000000)
  region size 1024K, 165 young (168960K), 11 survivors (11264K)
 Metaspace       used 57425K, committed 57920K, reserved 1114112K
  class space    used 7763K, committed 8000K, reserved 1048576K
}
Event: 19.496 GC heap after
{Heap after GC invocations=50 (full 0):
 garbage-first heap   total 282624K, used 81717K [0x0000000080000000, 0x0000000100000000)
  region size 1024K, 13 young (13312K), 13 survivors (13312K)
 Metaspace       used 57425K, committed 57920K, reserved 1114112K
  class space    used 7763K, committed 8000K, reserved 1048576K
}
Event: 19.900 GC heap before
{Heap before GC invocations=50 (full 0):
 garbage-first heap   total 282624K, used 237365K [0x0000000080000000, 0x0000000100000000)
  region size 1024K, 165 young (168960K), 13 survivors (13312K)
 Metaspace       used 57432K, committed 57920K, reserved 1114112K
  class space    used 7763K, committed 8000K, reserved 1048576K
}
Event: 19.911 GC heap after
{Heap after GC invocations=51 (full 0):
 garbage-first heap   total 282624K, used 83740K [0x0000000080000000, 0x0000000100000000)
  region size 1024K, 13 young (13312K), 13 survivors (13312K)
 Metaspace       used 57432K, committed 57920K, reserved 1114112K
  class space    used 7763K, committed 8000K, reserved 1048576K
}
Event: 21.646 GC heap before
{Heap before GC invocations=51 (full 0):
 garbage-first heap   total 282624K, used 244508K [0x0000000080000000, 0x0000000100000000)
  region size 1024K, 165 young (168960K), 13 survivors (13312K)
 Metaspace       used 57446K, committed 57920K, reserved 1114112K
  class space    used 7763K, committed 8000K, reserved 1048576K
}
Event: 21.649 GC heap after
{Heap after GC invocations=52 (full 0):
 garbage-first heap   total 339968K, used 74620K [0x0000000080000000, 0x0000000100000000)
  region size 1024K, 4 young (4096K), 4 survivors (4096K)
 Metaspace       used 57446K, committed 57920K, reserved 1114112K
  class space    used 7763K, committed 8000K, reserved 1048576K
}
Event: 22.189 GC heap before
{Heap before GC invocations=52 (full 0):
 garbage-first heap   total 339968K, used 274300K [0x0000000080000000, 0x0000000100000000)
  region size 1024K, 199 young (203776K), 4 survivors (4096K)
 Metaspace       used 57446K, committed 57920K, reserved 1114112K
  class space    used 7763K, committed 8000K, reserved 1048576K
}
Event: 22.193 GC heap after
{Heap after GC invocations=53 (full 0):
 garbage-first heap   total 339968K, used 77928K [0x0000000080000000, 0x0000000100000000)
  region size 1024K, 7 young (7168K), 7 survivors (7168K)
 Metaspace       used 57446K, committed 57920K, reserved 1114112K
  class space    used 7763K, committed 8000K, reserved 1048576K
}
Event: 22.684 GC heap before
{Heap before GC invocations=53 (full 0):
 garbage-first heap   total 339968K, used 278632K [0x0000000080000000, 0x0000000100000000)
  region size 1024K, 199 young (203776K), 7 survivors (7168K)
 Metaspace       used 57516K, committed 57984K, reserved 1114112K
  class space    used 7766K, committed 8000K, reserved 1048576K
}
Event: 22.686 GC heap after
{Heap after GC invocations=54 (full 0):
 garbage-first heap   total 339968K, used 74858K [0x0000000080000000, 0x0000000100000000)
  region size 1024K, 4 young (4096K), 4 survivors (4096K)
 Metaspace       used 57516K, committed 57984K, reserved 1114112K
  class space    used 7766K, committed 8000K, reserved 1048576K
}
Event: 23.628 GC heap before
{Heap before GC invocations=54 (full 0):
 garbage-first heap   total 339968K, used 280682K [0x0000000080000000, 0x0000000100000000)
  region size 1024K, 199 young (203776K), 4 survivors (4096K)
 Metaspace       used 60920K, committed 61504K, reserved 1114112K
  class space    used 8111K, committed 8384K, reserved 1048576K
}
Event: 23.632 GC heap after
{Heap after GC invocations=55 (full 0):
 garbage-first heap   total 339968K, used 83251K [0x0000000080000000, 0x0000000100000000)
  region size 1024K, 8 young (8192K), 8 survivors (8192K)
 Metaspace       used 60920K, committed 61504K, reserved 1114112K
  class space    used 8111K, committed 8384K, reserved 1048576K
}
Event: 24.112 GC heap before
{Heap before GC invocations=55 (full 0):
 garbage-first heap   total 339968K, used 278835K [0x0000000080000000, 0x0000000100000000)
  region size 1024K, 199 young (203776K), 8 survivors (8192K)
 Metaspace       used 60931K, committed 61504K, reserved 1114112K
  class space    used 8111K, committed 8384K, reserved 1048576K
}
Event: 24.115 GC heap after
{Heap after GC invocations=56 (full 0):
 garbage-first heap   total 339968K, used 84299K [0x0000000080000000, 0x0000000100000000)
  region size 1024K, 9 young (9216K), 9 survivors (9216K)
 Metaspace       used 60931K, committed 61504K, reserved 1114112K
  class space    used 8111K, committed 8384K, reserved 1048576K
}
Event: 24.640 GC heap before
{Heap before GC invocations=56 (full 0):
 garbage-first heap   total 339968K, used 278859K [0x0000000080000000, 0x0000000100000000)
  region size 1024K, 199 young (203776K), 9 survivors (9216K)
 Metaspace       used 60934K, committed 61504K, reserved 1114112K
  class space    used 8111K, committed 8384K, reserved 1048576K
}
Event: 24.645 GC heap after
{Heap after GC invocations=57 (full 0):
 garbage-first heap   total 339968K, used 84564K [0x0000000080000000, 0x0000000100000000)
  region size 1024K, 9 young (9216K), 9 survivors (9216K)
 Metaspace       used 60934K, committed 61504K, reserved 1114112K
  class space    used 8111K, committed 8384K, reserved 1048576K
}

