# JRE version: OpenJDK Runtime Environment (17.0.11) (build 17.0.11+0--11852314)
# Java VM: OpenJDK 64-Bit Server VM (17.0.11+0--11852314, mixed mode, tiered, compressed oops, compressed class ptrs, g1 gc, windows-amd64)
GC Precious Log:
 CPUs: 12 total, 12 available
 Memory: 16191M
 Large Page Support: Disabled
 NUMA Support: Disabled
 Compressed Oops: Enabled (32-bit)
 Heap Region Size: 1M
 Heap Min Capacity: 8M
 Heap Initial Capacity: 254M
 Heap Max Capacity: 2G
 Pre-touch: Disabled
 Parallel Workers: 10
 Concurrent Workers: 3
 Concurrent Refinement Workers: 10
 Periodic GC: Disabled
Heap:
 garbage-first heap   total 146432K, used 110939K [0x0000000080000000, 0x0000000100000000)
  region size 1024K, 44 young (45056K), 2 survivors (2048K)
 Metaspace       used 53899K, committed 54464K, reserved 1114112K
  class space    used 7164K, committed 7424K, reserved 1048576K
GC Heap History (20 events):
Event: 7.250 GC heap before
{Heap before GC invocations=18 (full 0):
 garbage-first heap   total 102400K, used 63610K [0x0000000080000000, 0x0000000100000000)
  region size 1024K, 9 young (9216K), 2 survivors (2048K)
 Metaspace       used 50755K, committed 51264K, reserved 1114112K
  class space    used 6874K, committed 7104K, reserved 1048576K
}
Event: 7.254 GC heap after
{Heap after GC invocations=19 (full 0):
 garbage-first heap   total 102400K, used 60918K [0x0000000080000000, 0x0000000100000000)
  region size 1024K, 3 young (3072K), 3 survivors (3072K)
 Metaspace       used 50755K, committed 51264K, reserved 1114112K
  class space    used 6874K, committed 7104K, reserved 1048576K
}
Event: 7.306 GC heap before
{Heap before GC invocations=20 (full 0):
 garbage-first heap   total 116736K, used 70134K [0x0000000080000000, 0x0000000100000000)
  region size 1024K, 8 young (8192K), 3 survivors (3072K)
 Metaspace       used 51110K, committed 51584K, reserved 1114112K
  class space    used 6899K, committed 7104K, reserved 1048576K
}
Event: 7.309 GC heap after
{Heap after GC invocations=21 (full 0):
 garbage-first heap   total 116736K, used 67649K [0x0000000080000000, 0x0000000100000000)
  region size 1024K, 2 young (2048K), 2 survivors (2048K)
 Metaspace       used 51110K, committed 51584K, reserved 1114112K
  class space    used 6899K, committed 7104K, reserved 1048576K
}
Event: 7.538 GC heap before
{Heap before GC invocations=22 (full 0):
 garbage-first heap   total 121856K, used 86081K [0x0000000080000000, 0x0000000100000000)
  region size 1024K, 18 young (18432K), 2 survivors (2048K)
 Metaspace       used 53371K, committed 53888K, reserved 1114112K
  class space    used 7136K, committed 7360K, reserved 1048576K
}
Event: 7.541 GC heap after
{Heap after GC invocations=23 (full 0):
 garbage-first heap   total 121856K, used 67606K [0x0000000080000000, 0x0000000100000000)
  region size 1024K, 2 young (2048K), 2 survivors (2048K)
 Metaspace       used 53371K, committed 53888K, reserved 1114112K
  class space    used 7136K, committed 7360K, reserved 1048576K
}
Event: 7.553 GC heap before
{Heap before GC invocations=23 (full 0):
 garbage-first heap   total 121856K, used 70678K [0x0000000080000000, 0x0000000100000000)
  region size 1024K, 5 young (5120K), 2 survivors (2048K)
 Metaspace       used 53380K, committed 53888K, reserved 1114112K
  class space    used 7137K, committed 7360K, reserved 1048576K
}
Event: 7.556 GC heap after
{Heap after GC invocations=24 (full 0):
 garbage-first heap   total 146432K, used 67668K [0x0000000080000000, 0x0000000100000000)
  region size 1024K, 1 young (1024K), 1 survivors (1024K)
 Metaspace       used 53380K, committed 53888K, reserved 1114112K
  class space    used 7137K, committed 7360K, reserved 1048576K
}
Event: 7.794 GC heap before
{Heap before GC invocations=24 (full 0):
 garbage-first heap   total 146432K, used 99412K [0x0000000080000000, 0x0000000100000000)
  region size 1024K, 32 young (32768K), 1 survivors (1024K)
 Metaspace       used 53790K, committed 54336K, reserved 1114112K
  class space    used 7163K, committed 7424K, reserved 1048576K
}
Event: 7.796 GC heap after
{Heap after GC invocations=25 (full 0):
 garbage-first heap   total 146432K, used 68005K [0x0000000080000000, 0x0000000100000000)
  region size 1024K, 1 young (1024K), 1 survivors (1024K)
 Metaspace       used 53790K, committed 54336K, reserved 1114112K
  class space    used 7163K, committed 7424K, reserved 1048576K
}
Event: 8.131 GC heap before
{Heap before GC invocations=26 (full 0):
 garbage-first heap   total 146432K, used 102821K [0x0000000080000000, 0x0000000100000000)
  region size 1024K, 35 young (35840K), 1 survivors (1024K)
 Metaspace       used 53844K, committed 54400K, reserved 1114112K
  class space    used 7163K, committed 7424K, reserved 1048576K
}
Event: 8.133 GC heap after
{Heap after GC invocations=27 (full 0):
 garbage-first heap   total 146432K, used 68495K [0x0000000080000000, 0x0000000100000000)
  region size 1024K, 1 young (1024K), 1 survivors (1024K)
 Metaspace       used 53844K, committed 54400K, reserved 1114112K
  class space    used 7163K, committed 7424K, reserved 1048576K
}
Event: 8.542 GC heap before
{Heap before GC invocations=27 (full 0):
 garbage-first heap   total 146432K, used 107407K [0x0000000080000000, 0x0000000100000000)
  region size 1024K, 39 young (39936K), 1 survivors (1024K)
 Metaspace       used 53859K, committed 54464K, reserved 1114112K
  class space    used 7164K, committed 7424K, reserved 1048576K
}
Event: 8.545 GC heap after
{Heap after GC invocations=28 (full 0):
 garbage-first heap   total 146432K, used 68324K [0x0000000080000000, 0x0000000100000000)
  region size 1024K, 1 young (1024K), 1 survivors (1024K)
 Metaspace       used 53859K, committed 54464K, reserved 1114112K
  class space    used 7164K, committed 7424K, reserved 1048576K
}
Event: 8.928 GC heap before
{Heap before GC invocations=29 (full 0):
 garbage-first heap   total 146432K, used 110308K [0x0000000080000000, 0x0000000100000000)
  region size 1024K, 42 young (43008K), 1 survivors (1024K)
 Metaspace       used 53873K, committed 54464K, reserved 1114112K
  class space    used 7164K, committed 7424K, reserved 1048576K
}
Event: 8.931 GC heap after
{Heap after GC invocations=30 (full 0):
 garbage-first heap   total 146432K, used 68792K [0x0000000080000000, 0x0000000100000000)
  region size 1024K, 2 young (2048K), 2 survivors (2048K)
 Metaspace       used 53873K, committed 54464K, reserved 1114112K
  class space    used 7164K, committed 7424K, reserved 1048576K
}
Event: 9.266 GC heap before
{Heap before GC invocations=30 (full 0):
 garbage-first heap   total 146432K, used 112824K [0x0000000080000000, 0x0000000100000000)
  region size 1024K, 45 young (46080K), 2 survivors (2048K)
 Metaspace       used 53888K, committed 54464K, reserved 1114112K
  class space    used 7164K, committed 7424K, reserved 1048576K
}
Event: 9.269 GC heap after
{Heap after GC invocations=31 (full 0):
 garbage-first heap   total 146432K, used 68693K [0x0000000080000000, 0x0000000100000000)
  region size 1024K, 2 young (2048K), 2 survivors (2048K)
 Metaspace       used 53888K, committed 54464K, reserved 1114112K
  class space    used 7164K, committed 7424K, reserved 1048576K
}
Event: 9.573 GC heap before
{Heap before GC invocations=32 (full 0):
 garbage-first heap   total 146432K, used 115797K [0x0000000080000000, 0x0000000100000000)
  region size 1024K, 48 young (49152K), 2 survivors (2048K)
 Metaspace       used 53899K, committed 54464K, reserved 1114112K
  class space    used 7164K, committed 7424K, reserved 1048576K
}
Event: 9.575 GC heap after
{Heap after GC invocations=33 (full 0):
 garbage-first heap   total 146432K, used 68955K [0x0000000080000000, 0x0000000100000000)
  region size 1024K, 2 young (2048K), 2 survivors (2048K)
 Metaspace       used 53899K, committed 54464K, reserved 1114112K
  class space    used 7164K, committed 7424K, reserved 1048576K
}

